<?xml version="1.0" encoding="UTF-8"?>
<!-- Generated by org.testng.reporters.JUnitXMLReporter -->
<testsuite hostname="Ganesh-PC" ignored="0" name="Default test" tests="4" failures="0" timestamp="2019-12-16T21:38:27 IST" time="104.636" errors="0">
  <testcase name="FCRA_registration" time="15.677" classname="ISR.apple"/>
  <testcase name="Pending_FCRA" time="0.132" classname="ISR.apple"/>
  <testcase name="Download_FCRA" time="0.651" classname="ISR.apple"/>
  <testcase name="verified_fcra" time="27.524" classname="ISR.apple"/>
</testsuite> <!-- Default test -->
